#
# There is insufficient memory for the Java Runtime Environment to continue.
# Native memory allocation (malloc) failed to allocate 592496 bytes for Chunk::new
# Possible reasons:
#   The system is out of physical RAM or swap space
#   In 32 bit mode, the process size limit was hit
# Possible solutions:
#   Reduce memory load on the system
#   Increase physical memory or swap space
#   Check if swap backing store is full
#   Use 64 bit Java on a 64 bit OS
#   Decrease Java heap size (-Xmx/-Xms)
#   Decrease number of Java threads
#   Decrease Java thread stack sizes (-Xss)
#   Set larger code cache with -XX:ReservedCodeCacheSize=
# This output file may be truncated or incomplete.
#
#  Out of Memory Error (allocation.cpp:390), pid=3216, tid=11228
#
# JRE version: Java(TM) SE Runtime Environment (8.0_66-b18) (build 1.8.0_66-b18)
# Java VM: Java HotSpot(TM) 64-Bit Server VM (25.66-b18 mixed mode windows-amd64 compressed oops)
# Failed to write core dump. Minidumps are not enabled by default on client versions of Windows
#

---------------  T H R E A D  ---------------

Current thread (0x0000000005d2d800):  JavaThread "C2 CompilerThread1" daemon [_thread_in_native, id=11228, stack(0x0000000007790000,0x0000000007890000)]

Stack: [0x0000000007790000,0x0000000007890000]
[error occurred during error reporting (printing stack bounds), id 0xc0000005]

Native frames: (J=compiled Java code, j=interpreted, Vv=VM code, C=native code)


Current CompileTask:
C2:   3817 1461       4       com.android.dx.ssa.back.FirstFitLocalCombiningAllocator$1::visitNonMoveInsn (6 bytes)


---------------  P R O C E S S  ---------------

Java Threads: ( => current thread )
  0x0000000007630800 JavaThread "pool-1-thread-4" [_thread_in_Java, id=17660, stack(0x0000000007f90000,0x0000000008090000)]
  0x0000000007628000 JavaThread "pool-1-thread-3" [_thread_blocked, id=18820, stack(0x0000000007e90000,0x0000000007f90000)]
  0x0000000007629800 JavaThread "pool-1-thread-2" [_thread_in_Java, id=18768, stack(0x0000000007d90000,0x0000000007e90000)]
  0x0000000007625000 JavaThread "pool-2-thread-1" [_thread_blocked, id=6284, stack(0x0000000007c90000,0x0000000007d90000)]
  0x0000000007624800 JavaThread "pool-1-thread-1" [_thread_in_Java, id=6264, stack(0x0000000007b90000,0x0000000007c90000)]
  0x00000000073f4000 JavaThread "Service Thread" daemon [_thread_blocked, id=18860, stack(0x0000000007990000,0x0000000007a90000)]
  0x00000000073e7800 JavaThread "C1 CompilerThread2" daemon [_thread_blocked, id=4996, stack(0x0000000007890000,0x0000000007990000)]
=>0x0000000005d2d800 JavaThread "C2 CompilerThread1" daemon [_thread_in_native, id=11228, stack(0x0000000007790000,0x0000000007890000)]
  0x0000000005d2b800 JavaThread "C2 CompilerThread0" daemon [_thread_in_native, id=18908, stack(0x0000000007290000,0x0000000007390000)]
  0x0000000005d29000 JavaThread "Attach Listener" daemon [_thread_blocked, id=13884, stack(0x0000000007190000,0x0000000007290000)]
  0x0000000005cde800 JavaThread "Signal Dispatcher" daemon [_thread_blocked, id=6584, stack(0x0000000007090000,0x0000000007190000)]
  0x0000000005c99800 JavaThread "Finalizer" daemon [_thread_blocked, id=16028, stack(0x0000000006f30000,0x0000000007030000)]
  0x00000000025ef800 JavaThread "Reference Handler" daemon [_thread_blocked, id=12912, stack(0x0000000006e30000,0x0000000006f30000)]
  0x0000000002500800 JavaThread "main" [_thread_in_vm, id=18976, stack(0x0000000002400000,0x0000000002500000)]

Other Threads:
  0x0000000005c97000 VMThread [stack: 0x0000000006d30000,0x0000000006e30000] [id=11900]
  0x000000000743e800 WatcherThread [stack: 0x0000000007a90000,0x0000000007b90000] [id=4248]

VM state:not at safepoint (normal execution)

VM Mutex/Monitor currently owned by a thread: None

Heap:
 PSYoungGen      total 47104K, used 24200K [0x00000000eab00000, 0x00000000f0700000, 0x0000000100000000)
  eden space 40448K, 45% used [0x00000000eab00000,0x00000000ebd03a40,0x00000000ed280000)
  from space 6656K, 86% used [0x00000000ed280000,0x00000000ed81e918,0x00000000ed900000)
  to   space 6656K, 0% used [0x00000000f0080000,0x00000000f0080000,0x00000000f0700000)
 ParOldGen       total 108032K, used 16K [0x00000000c0000000, 0x00000000c6980000, 0x00000000eab00000)
  object space 108032K, 0% used [0x00000000c0000000,0x00000000c0004000,0x00000000c6980000)
 Metaspace       used 6181K, capacity 7030K, committed 7296K, reserved 1056768K
  class space    used 602K, capacity 622K, committed 640K, reserved 1048576K

Card table byte_map: [0x00000000029c0000,0x0000000002bd0000] byte_map_base: 0x00000000023c0000

Marking Bits: (ParMarkBitMap*) 0x0000000050a6a5b0
 Begin Bits: [0x0000000003130000, 0x0000000004130000)
 End Bits:   [0x0000000004130000, 0x0000000005130000)

Polling page: 0x00000000001f0000

CodeCache: size=245760Kb used=6168Kb max_used=6168Kb free=239591Kb
 bounds [0x000000000f010000, 0x000000000f620000, 0x000000001e010000]
 total_blobs=1774 nmethods=1501 adapters=184
 compilation: enabled

Compilation events (10 events):
Event: 3.795 Thread 0x00000000073e7800 1498       3       com.android.dx.ssa.back.SsaToRop::convertToRopMethod (13 bytes)
Event: 3.796 Thread 0x00000000073e7800 nmethod 1498 0x000000000f603990 code [0x000000000f603b20, 0x000000000f603df8]
Event: 3.796 Thread 0x00000000073e7800 1499       3       com.android.dx.ssa.back.SsaToRop::<init> (23 bytes)
Event: 3.796 Thread 0x00000000073e7800 nmethod 1499 0x000000000f603f50 code [0x000000000f6040c0, 0x000000000f6042e8]
Event: 3.796 Thread 0x00000000073e7800 1500       3       com.android.dx.ssa.back.FirstFitLocalCombiningAllocator::<init> (141 bytes)
Event: 3.798 Thread 0x00000000073e7800 nmethod 1500 0x000000000f6043d0 code [0x000000000f604680, 0x000000000f605968]
Event: 3.798 Thread 0x00000000073e7800 1501       3       com.android.dx.dex.code.OutputCollector::getFinisher (26 bytes)
Event: 3.798 Thread 0x00000000073e7800 nmethod 1501 0x000000000f606410 code [0x000000000f6065a0, 0x000000000f606838]
Event: 3.799 Thread 0x00000000073e7800 1502       3       com.android.dx.dex.file.ValueEncoder::addContents (75 bytes)
Event: 3.800 Thread 0x00000000073e7800 nmethod 1502 0x000000000f606950 code [0x000000000f606c00, 0x000000000f608278]

GC Heap History (2 events):
Event: 2.660 GC heap before
{Heap before GC invocations=1 (full 0):
 PSYoungGen      total 47104K, used 40448K [0x00000000eab00000, 0x00000000edf80000, 0x0000000100000000)
  eden space 40448K, 100% used [0x00000000eab00000,0x00000000ed280000,0x00000000ed280000)
  from space 6656K, 0% used [0x00000000ed900000,0x00000000ed900000,0x00000000edf80000)
  to   space 6656K, 0% used [0x00000000ed280000,0x00000000ed280000,0x00000000ed900000)
 ParOldGen       total 108032K, used 0K [0x00000000c0000000, 0x00000000c6980000, 0x00000000eab00000)
  object space 108032K, 0% used [0x00000000c0000000,0x00000000c0000000,0x00000000c6980000)
 Metaspace       used 6056K, capacity 6902K, committed 7040K, reserved 1056768K
  class space    used 601K, capacity 622K, committed 640K, reserved 1048576K
Event: 2.938 GC heap after
Heap after GC invocations=1 (full 0):
 PSYoungGen      total 47104K, used 5754K [0x00000000eab00000, 0x00000000f0700000, 0x0000000100000000)
  eden space 40448K, 0% used [0x00000000eab00000,0x00000000eab00000,0x00000000ed280000)
  from space 6656K, 86% used [0x00000000ed280000,0x00000000ed81e918,0x00000000ed900000)
  to   space 6656K, 0% used [0x00000000f0080000,0x00000000f0080000,0x00000000f0700000)
 ParOldGen       total 108032K, used 16K [0x00000000c0000000, 0x00000000c6980000, 0x00000000eab00000)
  object space 108032K, 0% used [0x00000000c0000000,0x00000000c0004000,0x00000000c6980000)
 Metaspace       used 6056K, capacity 6902K, committed 7040K, reserved 1056768K
  class space    used 601K, capacity 622K, committed 640K, reserved 1048576K
}

Deoptimization events (10 events):
Event: 2.010 Thread 0x0000000007628000 Uncommon trap: reason=unstable_if action=reinterpret pc=0x000000000f38ee70 method=com.android.dx.ssa.NormalSsaInsn.getLocalAssignment()Lcom/android/dx/rop/code/RegisterSpec; @ 12
Event: 2.542 Thread 0x0000000007624800 Uncommon trap: reason=unstable_if action=reinterpret pc=0x000000000f3e401c method=com.android.dx.ssa.SsaMethod.onSourcesChanged(Lcom/android/dx/ssa/SsaInsn;Lcom/android/dx/rop/code/RegisterSpecList;)V @ 4
Event: 3.021 Thread 0x0000000007624800 Uncommon trap: reason=unstable_if action=reinterpret pc=0x000000000f45561c method=com.android.dx.ssa.SsaMethod.updateOneDefinition(Lcom/android/dx/ssa/SsaInsn;Lcom/android/dx/rop/code/RegisterSpec;)V @ 4
Event: 3.072 Thread 0x0000000002500800 Uncommon trap: reason=unstable_if action=reinterpret pc=0x000000000f3fed10 method=java.lang.String.<init>([CII)V @ 18
Event: 3.592 Thread 0x0000000007624800 Uncommon trap: reason=uninitialized action=reinterpret pc=0x000000000f590f28 method=com.android.dx.cf.code.BytecodeArray.parseInstruction(ILcom/android/dx/cf/code/BytecodeArray$Visitor;)I @ 999
Event: 3.611 Thread 0x0000000007624800 Uncommon trap: reason=bimorphic action=maybe_recompile pc=0x000000000f552d80 method=java.util.HashMap.putVal(ILjava/lang/Object;Ljava/lang/Object;ZZ)Ljava/lang/Object; @ 91
Event: 3.611 Thread 0x0000000007624800 Uncommon trap: reason=bimorphic action=maybe_recompile pc=0x000000000f314fb8 method=java.util.HashMap.getNode(ILjava/lang/Object;)Ljava/util/HashMap$Node; @ 126
Event: 3.670 Thread 0x0000000007624800 Uncommon trap: reason=bimorphic action=maybe_recompile pc=0x000000000f552d80 method=java.util.HashMap.putVal(ILjava/lang/Object;Ljava/lang/Object;ZZ)Ljava/lang/Object; @ 91
Event: 3.670 Thread 0x0000000007624800 Uncommon trap: reason=bimorphic action=maybe_recompile pc=0x000000000f314fb8 method=java.util.HashMap.getNode(ILjava/lang/Object;)Ljava/util/HashMap$Node; @ 126
Event: 3.792 Thread 0x0000000007630800 Uncommon trap: reason=bimorphic action=maybe_recompile pc=0x000000000f552d80 method=java.util.HashMap.putVal(ILjava/lang/Object;Ljava/lang/Object;ZZ)Ljava/lang/Object; @ 91

Internal exceptions (2 events):
Event: 0.079 Thread 0x0000000002500800 Exception <a 'java/lang/NoSuchMethodError': Method sun.misc.Unsafe.defineClass(Ljava/lang/String;[BII)Ljava/lang/Class; name or signature does not match> (0x00000000eab13078) thrown at [C:\re\workspace\8-2-build-windows-amd64-cygwin\jdk8u66\5298\hotspot\sr‰AÐÚ@´?
Event: 0.079 Thread 0x0000000002500800 Exception <a 'java/lang/NoSuchMethodError': Method sun.misc.Unsafe.prefetchRead(Ljava/lang/Object;J)V name or signature does not match> (0x00000000eab13360) thrown at [C:\re\workspace\8-2-build-windows-amd64-cygwin\jdk8u66\5298\hotspot\src\share\vm\prims\j

Events (10 events):
Event: 3.611 Thread 0x0000000007624800 DEOPT UNPACKING pc=0x000000000f05582a sp=0x0000000007c8ea90 mode 2
Event: 3.670 Thread 0x0000000007624800 Uncommon trap: trap_request=0xffffffc6 fr.pc=0x000000000f552d80
Event: 3.670 Thread 0x0000000007624800 DEOPT PACKING pc=0x000000000f552d80 sp=0x0000000007c8eaf0
Event: 3.670 Thread 0x0000000007624800 DEOPT UNPACKING pc=0x000000000f05582a sp=0x0000000007c8ea78 mode 2
Event: 3.670 Thread 0x0000000007624800 Uncommon trap: trap_request=0xffffffc6 fr.pc=0x000000000f314fb8
Event: 3.670 Thread 0x0000000007624800 DEOPT PACKING pc=0x000000000f314fb8 sp=0x0000000007c8eb10
Event: 3.670 Thread 0x0000000007624800 DEOPT UNPACKING pc=0x000000000f05582a sp=0x0000000007c8ea90 mode 2
Event: 3.792 Thread 0x0000000007630800 Uncommon trap: trap_request=0xffffffc6 fr.pc=0x000000000f552d80
Event: 3.792 Thread 0x0000000007630800 DEOPT PACKING pc=0x000000000f552d80 sp=0x000000000808e940
Event: 3.792 Thread 0x0000000007630800 DEOPT UNPACKING pc=0x000000000f05582a sp=0x000000000808e8c8 mode 2


Dynamic libraries:
0x00007ff7ba0f0000 - 0x00007ff7ba127000 	D:\Program Files\Java\jdk1.8.0_66\bin\java.exe
0x00007ffee3ff0000 - 0x00007ffee41b1000 	C:\Windows\SYSTEM32\ntdll.dll
0x00007ffee13f0000 - 0x00007ffee149d000 	C:\Windows\system32\KERNEL32.DLL
0x00007ffee0ab0000 - 0x00007ffee0c98000 	C:\Windows\system32\KERNELBASE.dll
0x00007ffee33c0000 - 0x00007ffee3467000 	C:\Windows\system32\ADVAPI32.dll
0x00007ffee2af0000 - 0x00007ffee2b8d000 	C:\Windows\system32\msvcrt.dll
0x00007ffee3360000 - 0x00007ffee33bb000 	C:\Windows\system32\sechost.dll
0x00007ffee3d40000 - 0x00007ffee3e5c000 	C:\Windows\system32\RPCRT4.dll
0x00007ffee3770000 - 0x00007ffee38c6000 	C:\Windows\system32\USER32.dll
0x00007ffee3e60000 - 0x00007ffee3fe6000 	C:\Windows\system32\GDI32.dll
0x00007ffed8bd0000 - 0x00007ffed8e44000 	C:\Windows\WinSxS\amd64_microsoft.windows.common-controls_6595b64144ccf1df_6.0.10586.0_none_8c15ae12515e1c22\COMCTL32.dll
0x00007ffee34d0000 - 0x00007ffee374d000 	C:\Windows\system32\combase.dll
0x00007ffee0810000 - 0x00007ffee087a000 	C:\Windows\system32\bcryptPrimitives.dll
0x00007ffee3a40000 - 0x00007ffee3a7b000 	C:\Windows\system32\IMM32.DLL
0x00007ffedf750000 - 0x00007ffedf781000 	C:\Windows\system32\nvinitx.dll
0x00007ffedf740000 - 0x00007ffedf74a000 	C:\Windows\SYSTEM32\VERSION.dll
0x000000000f000000 - 0x000000000f006000 	C:\Program Files\NVIDIA Corporation\CoProcManager\_etoured.dll
0x00007ffede8c0000 - 0x00007ffede8f2000 	C:\Program Files\NVIDIA Corporation\CoProcManager\nvd3d9wrapx.dll
0x00007ffee2b90000 - 0x00007ffee2fb9000 	C:\Windows\system32\SETUPAPI.dll
0x00007ffee13a0000 - 0x00007ffee13e3000 	C:\Windows\system32\CFGMGR32.dll
0x00007ffede890000 - 0x00007ffede8b2000 	C:\Program Files\NVIDIA Corporation\CoProcManager\nvdxgiwrapx.dll
0x0000000077d00000 - 0x0000000077dd2000 	D:\Program Files\Java\jdk1.8.0_66\jre\bin\msvcr100.dll
0x0000000050260000 - 0x0000000050ae9000 	D:\Program Files\Java\jdk1.8.0_66\jre\bin\server\jvm.dll
0x00007ffee2a60000 - 0x00007ffee2a68000 	C:\Windows\system32\PSAPI.DLL
0x00007ffede200000 - 0x00007ffede209000 	C:\Windows\SYSTEM32\WSOCK32.dll
0x00007ffede1a0000 - 0x00007ffede1c3000 	C:\Windows\SYSTEM32\WINMM.dll
0x00007ffee32f0000 - 0x00007ffee335b000 	C:\Windows\system32\WS2_32.dll
0x00007ffede140000 - 0x00007ffede16c000 	C:\Windows\SYSTEM32\WINMMBASE.dll
0x0000000050170000 - 0x000000005017f000 	D:\Program Files\Java\jdk1.8.0_66\jre\bin\verify.dll
0x0000000050140000 - 0x0000000050169000 	D:\Program Files\Java\jdk1.8.0_66\jre\bin\java.dll
0x0000000050120000 - 0x0000000050136000 	D:\Program Files\Java\jdk1.8.0_66\jre\bin\zip.dll
0x00007ffee14a0000 - 0x00007ffee29fc000 	C:\Windows\system32\SHELL32.dll
0x00007ffee0d50000 - 0x00007ffee1395000 	C:\Windows\system32\windows.storage.dll
0x00007ffee31c0000 - 0x00007ffee3212000 	C:\Windows\system32\shlwapi.dll
0x00007ffee0640000 - 0x00007ffee064f000 	C:\Windows\system32\kernel.appcore.dll
0x00007ffee06a0000 - 0x00007ffee0755000 	C:\Windows\system32\shcore.dll
0x00007ffee0650000 - 0x00007ffee069b000 	C:\Windows\system32\powrprof.dll
0x00007ffee0610000 - 0x00007ffee0624000 	C:\Windows\system32\profapi.dll

VM Arguments:
jvm_args: -Djava.awt.headless=true -Xmx1024M -Dfile.encoding=GBK -Duser.country=CN -Duser.language=zh -Duser.variant 
java_command: com.android.dx.command.Main --dex --num-threads=4 --output C:\Users\Chuang\AndroidStudioProjects\MyWeiBo\app\build\intermediates\pre-dexed\debug\com.google.android.gms-play-services-basement-8.1.0_786a9c4d525c841c43f597787849f9738b477cfc.jar C:\Users\Chuang\AndroidStudioProjects\MyWeiBo\app\build\intermediates\exploded-aar\com.google.android.gms\play-services-basement\8.1.0\jars\classes.jar
java_class_path (initial): D:\Android\sdk\build-tools\23.0.2\lib\dx.jar
Launcher Type: SUN_STANDARD

Environment Variables:
PATH=C:\ProgramData\Oracle\Java\javapath;C:\Windows\system32;C:\Windows;C:\Windows\System32\Wbem;C:\Windows\System32\WindowsPowerShell\v1.0\
USERNAME=Chuang
OS=Windows_NT
PROCESSOR_IDENTIFIER=Intel64 Family 6 Model 58 Stepping 9, GenuineIntel



---------------  S Y S T E M  ---------------

OS: Windows 10.0 , 64 bit Build 10586 (10.0.10586.0)

CPU:total 4 (2 cores per cpu, 2 threads per core) family 6 model 58 stepping 9, cmov, cx8, fxsr, mmx, sse, sse2, sse3, ssse3, sse4.1, sse4.2, popcnt, avx, aes, clmul, erms, ht, tsc, tscinvbit, tscinv

Memory: 4k page, physical 10327984k(1808872k free), swap 22052012k(11736k free)

vm_info: Java HotSpot(TM) 64-Bit Server VM (25.66-b18) for windows-amd64 JRE (1.8.0_66-b18), built on Nov  9 2015 10:51:13 by "java_re" with MS VC++ 10.0 (VS2010)

time: Wed Apr 06 15:47:39 2016
elapsed time: 3 seconds (0d 0h 0m 3s)

